Release 14.7 - xst P.20131013 (nt)
Copyright (c) 1995-2013 Xilinx, Inc.  All rights reserved.
--> Parameter TMPDIR set to xst/projnav.tmp


Total REAL time to Xst completion: 0.00 secs
Total CPU time to Xst completion: 0.13 secs
 
--> Parameter xsthdpdir set to xst


Total REAL time to Xst completion: 0.00 secs
Total CPU time to Xst completion: 0.13 secs
 
--> Reading design: vgaControler.prj

TABLE OF CONTENTS
  1) Synthesis Options Summary
  2) HDL Compilation
  3) Design Hierarchy Analysis
  4) HDL Analysis
  5) HDL Synthesis
     5.1) HDL Synthesis Report
  6) Advanced HDL Synthesis
     6.1) Advanced HDL Synthesis Report
  7) Low Level Synthesis
  8) Partition Report
  9) Final Report
	9.1) Device utilization summary
	9.2) Partition Resource Summary
	9.3) TIMING REPORT


=========================================================================
*                      Synthesis Options Summary                        *
=========================================================================
---- Source Parameters
Input File Name                    : "vgaControler.prj"
Input Format                       : mixed
Ignore Synthesis Constraint File   : NO

---- Target Parameters
Output File Name                   : "vgaControler"
Output Format                      : NGC
Target Device                      : xc3s500e-5-fg320

---- Source Options
Top Module Name                    : vgaControler
Automatic FSM Extraction           : YES
FSM Encoding Algorithm             : Auto
Safe Implementation                : No
FSM Style                          : LUT
RAM Extraction                     : Yes
RAM Style                          : Auto
ROM Extraction                     : Yes
Mux Style                          : Auto
Decoder Extraction                 : YES
Priority Encoder Extraction        : Yes
Shift Register Extraction          : YES
Logical Shifter Extraction         : YES
XOR Collapsing                     : YES
ROM Style                          : Auto
Mux Extraction                     : Yes
Resource Sharing                   : YES
Asynchronous To Synchronous        : NO
Multiplier Style                   : Auto
Automatic Register Balancing       : No

---- Target Options
Add IO Buffers                     : YES
Global Maximum Fanout              : 500
Add Generic Clock Buffer(BUFG)     : 24
Register Duplication               : YES
Slice Packing                      : YES
Optimize Instantiated Primitives   : NO
Use Clock Enable                   : Yes
Use Synchronous Set                : Yes
Use Synchronous Reset              : Yes
Pack IO Registers into IOBs        : Auto
Equivalent register Removal        : YES

---- General Options
Optimization Goal                  : Speed
Optimization Effort                : 1
Keep Hierarchy                     : No
Netlist Hierarchy                  : As_Optimized
RTL Output                         : Yes
Global Optimization                : AllClockNets
Read Cores                         : YES
Write Timing Constraints           : NO
Cross Clock Analysis               : NO
Hierarchy Separator                : /
Bus Delimiter                      : <>
Case Specifier                     : Maintain
Slice Utilization Ratio            : 100
BRAM Utilization Ratio             : 100
Verilog 2001                       : YES
Auto BRAM Packing                  : NO
Slice Utilization Ratio Delta      : 5

=========================================================================


=========================================================================
*                          HDL Compilation                              *
=========================================================================
Compiling vhdl file "C:/Users/lab/Desktop/dd/ostatnie_laby/LabVGA/VGA_Modul.vhd" in Library work.
Entity <vgacontroler> compiled.
Entity <vgacontroler> (Architecture <behavioral>) compiled.

=========================================================================
*                     Design Hierarchy Analysis                         *
=========================================================================
Analyzing hierarchy for entity <vgaControler> in library <work> (architecture <behavioral>).


=========================================================================
*                            HDL Analysis                               *
=========================================================================
Analyzing Entity <vgaControler> in library <work> (Architecture <behavioral>).
Entity <vgaControler> analyzed. Unit <vgaControler> generated.


=========================================================================
*                           HDL Synthesis                               *
=========================================================================

Performing bidirectional port resolution...

Synthesizing Unit <vgaControler>.
    Related source file is "C:/Users/lab/Desktop/dd/ostatnie_laby/LabVGA/VGA_Modul.vhd".
    Found 1-bit register for signal <clk_25>.
    Found 32-bit up counter for signal <h_cnt>.
    Found 32-bit comparator less for signal <h_cnt$cmp_lt0000> created at line 65.
    Found 32-bit comparator less for signal <hor_sync$cmp_lt0000> created at line 81.
    Found 32-bit comparator greater for signal <PIX_X$cmp_gt0000> created at line 105.
    Found 32-bit comparator greater for signal <PIX_X$cmp_gt0001> created at line 105.
    Found 32-bit comparator less for signal <PIX_X$cmp_lt0000> created at line 105.
    Found 32-bit comparator less for signal <PIX_X$cmp_lt0001> created at line 105.
    Found 32-bit up counter for signal <v_cnt>.
    Found 32-bit comparator less for signal <v_cnt$cmp_lt0000> created at line 70.
    Found 32-bit comparator less for signal <ver_sync$cmp_lt0000> created at line 93.
    Summary:
	inferred   2 Counter(s).
	inferred   1 D-type flip-flop(s).
	inferred   8 Comparator(s).
Unit <vgaControler> synthesized.


=========================================================================
HDL Synthesis Report

Macro Statistics
# Counters                                             : 2
 32-bit up counter                                     : 2
# Registers                                            : 1
 1-bit register                                        : 1
# Comparators                                          : 8
 32-bit comparator greater                             : 2
 32-bit comparator less                                : 6

=========================================================================

=========================================================================
*                       Advanced HDL Synthesis                          *
=========================================================================


=========================================================================
Advanced HDL Synthesis Report

Macro Statistics
# Counters                                             : 2
 32-bit up counter                                     : 2
# Registers                                            : 1
 Flip-Flops                                            : 1
# Comparators                                          : 8
 32-bit comparator greater                             : 2
 32-bit comparator less                                : 6

=========================================================================

=========================================================================
*                         Low Level Synthesis                           *
=========================================================================

Optimizing unit <vgaControler> ...

Mapping all equations...
Building and optimizing final netlist ...
Found area constraint ratio of 100 (+ 5) on block vgaControler, actual ratio is 2.

Final Macro Processing ...

=========================================================================
Final Register Report

Macro Statistics
# Registers                                            : 65
 Flip-Flops                                            : 65

=========================================================================

=========================================================================
*                           Partition Report                            *
=========================================================================

Partition Implementation Status
-------------------------------

  No Partitions were found in this design.

-------------------------------

=========================================================================
*                            Final Report                               *
=========================================================================
Final Results
RTL Top Level Output File Name     : vgaControler.ngr
Top Level Output File Name         : vgaControler
Output Format                      : NGC
Optimization Goal                  : Speed
Keep Hierarchy                     : No

Design Statistics
# IOs                              : 28

Cell Usage :
# BELS                             : 380
#      GND                         : 1
#      INV                         : 16
#      LUT1                        : 70
#      LUT2                        : 28
#      LUT3                        : 6
#      LUT4                        : 52
#      MUXCY                       : 142
#      VCC                         : 1
#      XORCY                       : 64
# FlipFlops/Latches                : 65
#      FDR                         : 33
#      FDRE                        : 32
# Clock Buffers                    : 2
#      BUFG                        : 1
#      BUFGP                       : 1
# IO Buffers                       : 27
#      IBUF                        : 3
#      OBUF                        : 24
=========================================================================

Device utilization summary:
---------------------------

Selected Device : 3s500efg320-5 

 Number of Slices:                       89  out of   4656     1%  
 Number of Slice Flip Flops:             65  out of   9312     0%  
 Number of 4 input LUTs:                172  out of   9312     1%  
 Number of IOs:                          28
 Number of bonded IOBs:                  28  out of    232    12%  
 Number of GCLKs:                         2  out of     24     8%  

---------------------------
Partition Resource Summary:
---------------------------

  No Partitions were found in this design.

---------------------------


=========================================================================
TIMING REPORT

NOTE: THESE TIMING NUMBERS ARE ONLY A SYNTHESIS ESTIMATE.
      FOR ACCURATE TIMING INFORMATION PLEASE REFER TO THE TRACE REPORT
      GENERATED AFTER PLACE-and-ROUTE.

Clock Information:
------------------
-----------------------------------+------------------------+-------+
Clock Signal                       | Clock buffer(FF name)  | Load  |
-----------------------------------+------------------------+-------+
clk_251                            | BUFG                   | 64    |
CLK_50MHz                          | BUFGP                  | 1     |
-----------------------------------+------------------------+-------+

Asynchronous Control Signals Information:
----------------------------------------
No asynchronous control signals found in this design

Timing Summary:
---------------
Speed Grade: -5

   Minimum period: 5.954ns (Maximum Frequency: 167.968MHz)
   Minimum input arrival time before clock: No path found
   Maximum output required time after clock: 9.483ns
   Maximum combinational path delay: 5.670ns

Timing Detail:
--------------
All values displayed in nanoseconds (ns)

=========================================================================
Timing constraint: Default period analysis for Clock 'clk_251'
  Clock period: 5.954ns (frequency: 167.968MHz)
  Total number of paths / destination ports: 5056 / 160
-------------------------------------------------------------------------
Delay:               5.954ns (Levels of Logic = 13)
  Source:            v_cnt_3 (FF)
  Destination:       v_cnt_0 (FF)
  Source Clock:      clk_251 rising
  Destination Clock: clk_251 rising

  Data Path: v_cnt_3 to v_cnt_0
                                Gate     Net
    Cell:in->out      fanout   Delay   Delay  Logical Name (Net Name)
    ----------------------------------------  ------------
     FDRE:C->Q             6   0.514   0.721  v_cnt_3 (v_cnt_3)
     LUT1:I0->O            1   0.612   0.000  Mcompar_ver_sync_cmp_lt0000_cy<0>_1_rt (Mcompar_ver_sync_cmp_lt0000_cy<0>_1_rt)
     MUXCY:S->O            1   0.404   0.000  Mcompar_ver_sync_cmp_lt0000_cy<0>_1 (Mcompar_ver_sync_cmp_lt0000_cy<0>2)
     MUXCY:CI->O           1   0.052   0.000  Mcompar_ver_sync_cmp_lt0000_cy<1>_1 (Mcompar_ver_sync_cmp_lt0000_cy<1>2)
     MUXCY:CI->O           1   0.052   0.000  Mcompar_ver_sync_cmp_lt0000_cy<2>_1 (Mcompar_ver_sync_cmp_lt0000_cy<2>2)
     MUXCY:CI->O           1   0.052   0.000  Mcompar_ver_sync_cmp_lt0000_cy<3>_1 (Mcompar_ver_sync_cmp_lt0000_cy<3>2)
     MUXCY:CI->O           1   0.052   0.000  Mcompar_ver_sync_cmp_lt0000_cy<4>_1 (Mcompar_ver_sync_cmp_lt0000_cy<4>2)
     MUXCY:CI->O           1   0.052   0.000  Mcompar_ver_sync_cmp_lt0000_cy<5>_1 (Mcompar_ver_sync_cmp_lt0000_cy<5>2)
     MUXCY:CI->O           1   0.052   0.000  Mcompar_ver_sync_cmp_lt0000_cy<6>_1 (Mcompar_ver_sync_cmp_lt0000_cy<6>2)
     MUXCY:CI->O           1   0.052   0.000  Mcompar_ver_sync_cmp_lt0000_cy<7>_1 (Mcompar_ver_sync_cmp_lt0000_cy<7>2)
     MUXCY:CI->O           1   0.052   0.000  Mcompar_ver_sync_cmp_lt0000_cy<8>_1 (Mcompar_ver_sync_cmp_lt0000_cy<8>2)
     MUXCY:CI->O           1   0.052   0.000  Mcompar_ver_sync_cmp_lt0000_cy<9>_0 (Mcompar_ver_sync_cmp_lt0000_cy<9>1)
     MUXCY:CI->O           1   0.399   0.360  Mcompar_ver_sync_cmp_lt0000_cy<10> (Mcompar_ver_sync_cmp_lt0000_cy<10>)
     LUT4:I3->O           32   0.612   1.073  v_cnt_and00001 (v_cnt_and0000)
     FDRE:R                    0.795          v_cnt_0
    ----------------------------------------
    Total                      5.954ns (3.800ns logic, 2.154ns route)
                                       (63.8% logic, 36.2% route)

=========================================================================
Timing constraint: Default period analysis for Clock 'CLK_50MHz'
  Clock period: 1.689ns (frequency: 592.084MHz)
  Total number of paths / destination ports: 1 / 1
-------------------------------------------------------------------------
Delay:               1.689ns (Levels of Logic = 0)
  Source:            clk_25 (FF)
  Destination:       clk_25 (FF)
  Source Clock:      CLK_50MHz rising
  Destination Clock: CLK_50MHz rising

  Data Path: clk_25 to clk_25
                                Gate     Net
    Cell:in->out      fanout   Delay   Delay  Logical Name (Net Name)
    ----------------------------------------  ------------
     FDR:C->Q              2   0.514   0.380  clk_25 (clk_251)
     FDR:R                     0.795          clk_25
    ----------------------------------------
    Total                      1.689ns (1.309ns logic, 0.380ns route)
                                       (77.5% logic, 22.5% route)

=========================================================================
Timing constraint: Default OFFSET OUT AFTER for Clock 'clk_251'
  Total number of paths / destination ports: 2915 / 24
-------------------------------------------------------------------------
Offset:              9.483ns (Levels of Logic = 15)
  Source:            h_cnt_0 (FF)
  Destination:       VGA_B (PAD)
  Source Clock:      clk_251 rising

  Data Path: h_cnt_0 to VGA_B
                                Gate     Net
    Cell:in->out      fanout   Delay   Delay  Logical Name (Net Name)
    ----------------------------------------  ------------
     FDR:C->Q              5   0.514   0.690  h_cnt_0 (h_cnt_0)
     LUT4:I0->O            1   0.612   0.000  Mcompar_PIX_X_cmp_gt0000_lut<0> (Mcompar_PIX_X_cmp_gt0000_lut<0>)
     MUXCY:S->O            1   0.404   0.000  Mcompar_PIX_X_cmp_gt0000_cy<0> (Mcompar_PIX_X_cmp_gt0000_cy<0>)
     MUXCY:CI->O           1   0.051   0.000  Mcompar_PIX_X_cmp_gt0000_cy<1> (Mcompar_PIX_X_cmp_gt0000_cy<1>)
     MUXCY:CI->O           1   0.051   0.000  Mcompar_PIX_X_cmp_gt0000_cy<2> (Mcompar_PIX_X_cmp_gt0000_cy<2>)
     MUXCY:CI->O           1   0.051   0.000  Mcompar_PIX_X_cmp_gt0000_cy<3> (Mcompar_PIX_X_cmp_gt0000_cy<3>)
     MUXCY:CI->O           1   0.051   0.000  Mcompar_PIX_X_cmp_gt0000_cy<4> (Mcompar_PIX_X_cmp_gt0000_cy<4>)
     MUXCY:CI->O           1   0.051   0.000  Mcompar_PIX_X_cmp_gt0000_cy<5> (Mcompar_PIX_X_cmp_gt0000_cy<5>)
     MUXCY:CI->O           1   0.051   0.000  Mcompar_PIX_X_cmp_gt0000_cy<6> (Mcompar_PIX_X_cmp_gt0000_cy<6>)
     MUXCY:CI->O           1   0.051   0.000  Mcompar_PIX_X_cmp_gt0000_cy<7> (Mcompar_PIX_X_cmp_gt0000_cy<7>)
     MUXCY:CI->O           1   0.051   0.000  Mcompar_PIX_X_cmp_gt0000_cy<8> (Mcompar_PIX_X_cmp_gt0000_cy<8>)
     MUXCY:CI->O           1   0.051   0.000  Mcompar_PIX_X_cmp_gt0000_cy<9> (Mcompar_PIX_X_cmp_gt0000_cy<9>)
     MUXCY:CI->O           1   0.399   0.509  Mcompar_PIX_X_cmp_gt0000_cy<10> (Mcompar_PIX_X_cmp_gt0000_cy<10>)
     LUT4:I0->O           22   0.612   1.141  PIX_X_and00001 (PIX_X_and0000)
     LUT2:I0->O            1   0.612   0.357  VGA_R1 (VGA_R_OBUF)
     OBUF:I->O                 3.169          VGA_R_OBUF (VGA_R)
    ----------------------------------------
    Total                      9.483ns (6.786ns logic, 2.697ns route)
                                       (71.6% logic, 28.4% route)

=========================================================================
Timing constraint: Default path analysis
  Total number of paths / destination ports: 3 / 3
-------------------------------------------------------------------------
Delay:               5.670ns (Levels of Logic = 3)
  Source:            RGB<0> (PAD)
  Destination:       VGA_B (PAD)

  Data Path: RGB<0> to VGA_B
                                Gate     Net
    Cell:in->out      fanout   Delay   Delay  Logical Name (Net Name)
    ----------------------------------------  ------------
     IBUF:I->O             1   1.106   0.426  RGB_0_IBUF (RGB_0_IBUF)
     LUT2:I1->O            1   0.612   0.357  VGA_B1 (VGA_B_OBUF)
     OBUF:I->O                 3.169          VGA_B_OBUF (VGA_B)
    ----------------------------------------
    Total                      5.670ns (4.887ns logic, 0.783ns route)
                                       (86.2% logic, 13.8% route)

=========================================================================


Total REAL time to Xst completion: 5.00 secs
Total CPU time to Xst completion: 4.65 secs
 
--> 

Total memory usage is 200504 kilobytes

Number of errors   :    0 (   0 filtered)
Number of warnings :    0 (   0 filtered)
Number of infos    :    0 (   0 filtered)

